ts Jul 29 2019 12:21:46

rst:0x1 (POWERON_RESET),boot:0x13 (SPI_FAST_FLASH_BOOT)
configsip: 0, SPIWP:0xee
clk_drv:0x00,q_drv:0x00,d_drv:0x00,cs0_drv:0x00,hd_drv:0x00,wp_drv:0x00
mode:DIO, clock div:2
load:0x3fff0030,len:1156
load:0x40078000,len:11456
ho 0 tail 12 room 4
load:0x40080400,len:2972
entry 0x400805dc
Testando componentes do sistema...
LED de Alerta: OK
Buzzer: OK
MPU6050: OK
Sistema pronto para operação!

=== SISTEMA WEARABLE DE SEGURANÇA INDUSTRIAL ===
Inicializando monitoramento de quedas...

Timestamp(ms),Ax(g),Ay(g),Az(g),Magnitude(g),Queda,Status
3118,0.000,0.000,1.000,1.000,0,NORMAL
3172,0.000,0.000,1.000,1.000,0,NORMAL
3226,0.000,0.000,1.000,1.000,0,NORMAL
3280,0.000,0.000,1.000,1.000,0,NORMAL
3334,0.000,0.000,1.000,1.000,0,NORMAL
3388,0.000,0.000,1.000,1.000,0,NORMAL
3442,0.000,0.000,1.000,1.000,0,NORMAL
3496,0.000,0.000,1.000,1.000,0,NORMAL
3550,0.000,0.000,1.000,1.000,0,NORMAL
3604,0.000,0.000,1.000,1.000,0,NORMAL
3658,0.000,0.000,1.000,1.000,0,NORMAL
3712,0.000,0.000,1.000,1.000,0,NORMAL
3766,0.000,0.000,1.000,1.000,0,NORMAL
3820,0.000,0.000,1.000,1.000,0,NORMAL
3874,0.000,0.000,1.000,1.000,0,NORMAL
3928,0.000,0.000,1.000,1.000,0,NORMAL
3982,0.000,0.000,1.000,1.000,0,NORMAL
4036,0.000,0.000,1.000,1.000,0,NORMAL
4090,0.000,0.000,1.000,1.000,0,NORMAL
4144,0.000,0.000,1.000,1.000,0,NORMAL
4198,0.000,0.000,1.000,1.000,0,NORMAL
4252,0.000,0.000,1.000,1.000,0,NORMAL
4306,0.000,0.000,1.000,1.000,0,NORMAL
4360,0.000,0.000,1.000,1.000,0,NORMAL
4414,0.000,0.000,1.000,1.000,0,NORMAL
4468,0.000,0.000,1.000,1.000,0,NORMAL
4522,0.000,0.000,1.000,1.000,0,NORMAL
4576,0.100,0.300,0.300,0.436,0,QUEDA_LIVRE
4630,0.100,0.300,0.300,0.436,0,QUEDA_LIVRE
4684,0.100,0.300,0.300,0.436,0,QUEDA_LIVRE
4738,0.100,0.300,0.300,0.436,0,QUEDA_LIVRE
4792,0.100,0.300,0.300,0.436,0,QUEDA_LIVRE
4846,0.100,0.300,0.300,0.436,0,QUEDA_LIVRE
4900,0.100,0.300,0.300,0.436,0,QUEDA_LIVRE
4954,0.100,0.300,0.300,0.436,0,QUEDA_LIVRE
5008,0.100,0.300,0.300,0.436,0,QUEDA_LIVRE
5062,0.100,0.300,0.300,0.436,0,QUEDA_LIVRE
5116,0.100,0.300,0.300,0.436,0,QUEDA_LIVRE
5170,0.100,0.300,0.300,0.436,0,QUEDA_LIVRE
5224,0.100,0.300,0.300,0.436,0,QUEDA_LIVRE
5278,0.100,0.300,0.300,0.436,0,QUEDA_LIVRE
5332,0.100,0.300,0.300,0.436,0,QUEDA_LIVRE
5386,0.100,0.300,0.300,0.436,0,QUEDA_LIVRE
5440,0.100,0.300,0.300,0.436,0,QUEDA_LIVRE
5494,0.100,0.300,0.300,0.436,0,QUEDA_LIVRE
5548,0.100,0.300,0.300,0.436,0,QUEDA_LIVRE
5602,0.100,0.300,0.300,0.436,0,QUEDA_LIVRE
5656,0.100,0.300,0.300,0.436,0,QUEDA_LIVRE
5710,0.100,0.300,0.300,0.436,0,QUEDA_LIVRE
5764,0.100,0.300,0.300,0.436,0,QUEDA_LIVRE
5818,0.100,0.300,0.300,0.436,0,QUEDA_LIVRE
5872,0.100,0.300,0.300,0.436,0,QUEDA_LIVRE
5926,0.100,0.300,0.300,0.436,0,QUEDA_LIVRE
5980,0.100,0.300,0.300,0.436,0,QUEDA_LIVRE
6034,0.100,0.300,0.300,0.436,0,QUEDA_LIVRE
6088,0.100,0.300,0.300,0.436,0,QUEDA_LIVRE
6142,0.100,0.300,0.300,0.436,0,QUEDA_LIVRE
6196,0.100,0.300,0.300,0.436,0,QUEDA_LIVRE
6250,0.100,0.300,0.300,0.436,0,QUEDA_LIVRE
6304,0.100,0.300,0.300,0.436,0,QUEDA_LIVRE
6358,0.100,0.300,0.300,0.436,0,QUEDA_LIVRE
6412,0.100,0.300,0.300,0.436,0,QUEDA_LIVRE
6466,0.100,0.300,0.300,0.436,0,QUEDA_LIVRE
6520,0.100,0.300,0.300,0.436,0,QUEDA_LIVRE
6574,0.100,0.300,0.300,0.436,0,QUEDA_LIVRE
6628,0.100,0.300,0.300,0.436,0,NORMAL
6682,0.100,0.300,0.300,0.436,0,QUEDA_LIVRE
6736,0.100,0.300,0.300,0.436,0,QUEDA_LIVRE
6790,0.100,0.300,0.300,0.436,0,QUEDA_LIVRE
6844,0.100,0.300,0.300,0.436,0,QUEDA_LIVRE
6898,0.100,0.300,0.300,0.436,0,QUEDA_LIVRE
6952,0.100,0.300,0.300,0.436,0,QUEDA_LIVRE
7006,0.100,0.300,0.300,0.436,0,QUEDA_LIVRE
7060,0.100,0.300,0.300,0.436,0,QUEDA_LIVRE
7114,0.100,0.300,0.300,0.436,0,QUEDA_LIVRE
7168,0.100,0.300,0.300,0.436,0,QUEDA_LIVRE
7222,0.100,0.300,0.300,0.436,0,QUEDA_LIVRE
7276,0.100,0.300,0.300,0.436,0,QUEDA_LIVRE
7330,0.100,0.300,0.300,0.436,0,QUEDA_LIVRE
7384,0.100,0.300,0.300,0.436,0,QUEDA_LIVRE
7438,0.100,0.300,0.300,0.436,0,QUEDA_LIVRE
7492,0.100,0.300,0.300,0.436,0,QUEDA_LIVRE
7546,0.100,0.300,0.300,0.436,0,QUEDA_LIVRE
7600,0.100,0.300,0.300,0.436,0,QUEDA_LIVRE
7654,0.100,0.300,0.300,0.436,0,QUEDA_LIVRE
7708,0.100,0.300,0.300,0.436,0,QUEDA_LIVRE
7762,0.100,0.300,0.300,0.436,0,QUEDA_LIVRE
7816,0.100,0.300,0.300,0.436,0,QUEDA_LIVRE
7870,0.100,0.300,0.300,0.436,0,QUEDA_LIVRE
7924,0.100,0.300,0.300,0.436,0,QUEDA_LIVRE
7978,0.100,0.300,0.300,0.436,0,QUEDA_LIVRE
8032,0.100,0.300,0.300,0.436,0,QUEDA_LIVRE
8086,0.100,0.300,0.300,0.436,0,QUEDA_LIVRE
8140,0.100,0.300,0.300,0.436,0,QUEDA_LIVRE
8194,0.100,0.300,0.300,0.436,0,QUEDA_LIVRE
8248,0.100,0.300,0.300,0.436,0,QUEDA_LIVRE
8302,0.100,0.300,0.300,0.436,0,QUEDA_LIVRE
8356,0.100,0.300,0.300,0.436,0,QUEDA_LIVRE
8410,0.100,0.300,0.300,0.436,0,QUEDA_LIVRE
8464,0.100,0.300,0.300,0.436,0,QUEDA_LIVRE
8518,0.100,0.300,0.300,0.436,0,QUEDA_LIVRE
8572,0.100,0.300,0.300,0.436,0,QUEDA_LIVRE
8626,0.100,0.300,0.300,0.436,0,QUEDA_LIVRE
8680,0.100,0.300,0.300,0.436,0,QUEDA_LIVRE
8734,0.100,0.300,0.300,0.436,0,NORMAL
8788,0.100,0.300,0.300,0.436,0,QUEDA_LIVRE
8842,0.100,0.300,0.300,0.436,0,QUEDA_LIVRE
8896,0.100,0.300,0.300,0.436,0,QUEDA_LIVRE
8950,0.100,0.300,0.300,0.436,0,QUEDA_LIVRE
9004,0.100,0.300,0.300,0.436,0,QUEDA_LIVRE
9058,0.100,0.300,0.300,0.436,0,QUEDA_LIVRE
9112,0.100,0.300,0.300,0.436,0,QUEDA_LIVRE
9166,0.100,0.300,0.300,0.436,0,QUEDA_LIVRE
9220,0.100,0.300,0.300,0.436,0,QUEDA_LIVRE
9274,0.100,0.300,0.300,0.436,0,QUEDA_LIVRE
9328,0.100,0.300,0.300,0.436,0,QUEDA_LIVRE
9382,0.100,0.300,0.300,0.436,0,QUEDA_LIVRE
9436,0.100,0.300,0.300,0.436,0,QUEDA_LIVRE
9490,0.100,0.300,0.300,0.436,0,QUEDA_LIVRE
9544,1.100,0.300,0.300,1.179,0,QUEDA_LIVRE
9598,2.000,0.300,0.300,2.044,1,QUEDA_DETECTADA!

🚨🚨🚨 ALERTA DE EMERGÊNCIA 🚨🚨🚨
QUEDA DE TRABALHADOR DETECTADA!
Timestamp: 9601
Magnitude do Impacto: 2.04g
Total de Quedas Detectadas: 1
Acionando protocolo de segurança...

13164,2.000,0.300,0.300,2.044,0,MOVIMENTO
13218,2.000,0.300,0.300,2.044,0,MOVIMENTO
13272,2.000,0.300,0.300,2.044,0,MOVIMENTO
13326,2.000,0.300,0.300,2.044,0,MOVIMENTO
13380,2.000,0.300,0.300,2.044,0,MOVIMENTO
13434,2.000,0.300,0.300,2.044,0,MOVIMENTO
13488,2.000,0.300,0.300,2.044,0,MOVIMENTO
13542,2.000,0.300,0.300,2.044,0,MOVIMENTO
13596,2.000,0.300,0.300,2.044,0,MOVIMENTO
13650,2.000,0.300,0.300,2.044,0,MOVIMENTO
13704,2.000,0.300,0.300,2.044,0,MOVIMENTO
13758,2.000,0.300,0.300,2.044,0,MOVIMENTO
13812,2.000,0.300,0.300,2.044,0,MOVIMENTO
13866,2.000,0.300,0.300,2.044,0,MOVIMENTO
13920,2.000,0.300,0.300,2.044,0,MOVIMENTO
13974,2.000,0.300,0.300,2.044,0,MOVIMENTO
14028,2.000,0.300,0.300,2.044,0,MOVIMENTO
14082,2.000,0.300,0.300,2.044,0,MOVIMENTO
14136,2.000,0.300,0.300,2.044,0,MOVIMENTO
14190,2.000,0.300,0.300,2.044,0,MOVIMENTO
14244,2.000,0.300,0.300,2.044,0,MOVIMENTO
14298,2.000,0.300,0.300,2.044,0,MOVIMENTO
14352,2.000,0.300,0.300,2.044,0,MOVIMENTO
14406,2.000,0.300,0.300,2.044,0,MOVIMENTO
14460,2.000,0.300,0.300,2.044,0,MOVIMENTO
14514,2.000,0.300,0.300,2.044,0,MOVIMENTO
14568,2.000,0.300,0.300,2.044,0,MOVIMENTO
14622,2.000,0.300,0.300,2.044,0,MOVIMENTO
14676,2.000,0.300,0.300,2.044,0,MOVIMENTO
14730,2.000,0.300,0.300,2.044,0,MOVIMENTO
14784,2.000,0.300,0.300,2.044,0,MOVIMENTO
14838,2.000,0.300,0.300,2.044,0,MOVIMENTO
14892,2.000,0.300,0.300,2.044,0,MOVIMENTO
14946,2.000,0.300,0.300,2.044,0,MOVIMENTO
15000,2.000,0.300,0.300,2.044,0,MOVIMENTO
15054,2.000,0.300,0.300,2.044,0,MOVIMENTO
15108,2.000,0.300,0.300,2.044,0,MOVIMENTO
15162,2.000,0.300,0.300,2.044,0,MOVIMENTO
15216,2.000,0.300,0.300,2.044,0,MOVIMENTO
15270,2.000,0.300,0.300,2.044,0,MOVIMENTO
15324,2.000,0.300,0.300,2.044,0,MOVIMENTO
15378,2.000,0.300,0.300,2.044,0,MOVIMENTO
15432,2.000,0.300,0.300,2.044,0,MOVIMENTO
15486,2.000,0.300,0.300,2.044,0,MOVIMENTO
15540,2.000,0.300,0.300,2.044,0,MOVIMENTO
15594,2.000,0.300,0.300,2.044,0,MOVIMENTO
15648,2.000,0.300,0.300,2.044,0,MOVIMENTO
15702,2.000,0.300,0.300,2.044,0,MOVIMENTO
15756,2.000,0.300,0.300,2.044,0,MOVIMENTO
15810,2.000,0.300,0.300,2.044,0,MOVIMENTO
15864,2.000,0.300,0.300,2.044,0,MOVIMENTO
15918,2.000,0.300,0.300,2.044,0,MOVIMENTO
15972,2.000,0.300,0.300,2.044,0,MOVIMENTO
16026,2.000,0.300,0.300,2.044,0,MOVIMENTO
16080,2.000,0.300,0.300,2.044,0,MOVIMENTO
16134,2.000,0.300,0.300,2.044,0,MOVIMENTO
16188,2.000,0.300,0.300,2.044,0,MOVIMENTO
16242,2.000,0.300,0.300,2.044,0,MOVIMENTO
16296,2.000,0.300,0.300,2.044,0,MOVIMENTO
16350,2.000,0.300,0.300,2.044,0,MOVIMENTO
16404,2.000,0.300,0.300,2.044,0,MOVIMENTO
16458,2.000,0.300,0.300,2.044,0,MOVIMENTO
16512,2.000,0.300,0.300,2.044,0,MOVIMENTO
16566,2.000,0.300,0.300,2.044,0,MOVIMENTO
16620,2.000,0.300,0.300,2.044,0,MOVIMENTO
16674,2.000,0.300,0.300,2.044,0,MOVIMENTO
16728,2.000,0.300,0.300,2.044,0,MOVIMENTO
16782,2.000,0.300,0.300,2.044,0,MOVIMENTO
16836,2.000,0.300,0.300,2.044,0,MOVIMENTO
16890,2.000,0.300,0.300,2.044,0,MOVIMENTO
16944,2.000,0.300,0.300,2.044,0,MOVIMENTO
16998,2.000,0.300,0.300,2.044,0,MOVIMENTO
17052,2.000,0.300,0.300,2.044,0,MOVIMENTO
17106,2.000,0.300,0.300,2.044,0,MOVIMENTO
17160,2.000,0.300,0.300,2.044,0,MOVIMENTO
17214,2.000,0.300,0.300,2.044,0,MOVIMENTO
17268,2.000,0.300,0.300,2.044,0,MOVIMENTO
17322,2.000,0.300,0.300,2.044,0,MOVIMENTO
17376,2.000,0.300,0.300,2.044,0,MOVIMENTO
17430,2.000,0.300,0.300,2.044,0,MOVIMENTO
17484,2.000,0.300,0.300,2.044,0,MOVIMENTO
17538,2.000,0.300,0.300,2.044,0,MOVIMENTO
17592,2.000,0.300,0.300,2.044,0,MOVIMENTO
17646,2.000,0.300,0.300,2.044,0,MOVIMENTO
17700,2.000,0.300,0.300,2.044,0,MOVIMENTO
17754,2.000,0.300,0.300,2.044,0,MOVIMENTO
17808,2.000,0.300,0.300,2.044,0,MOVIMENTO
17862,2.000,0.300,0.300,2.044,0,MOVIMENTO
17916,2.000,0.300,0.300,2.044,0,MOVIMENTO
17970,2.000,0.300,0.300,2.044,0,MOVIMENTO
18024,2.000,0.300,0.300,2.044,0,MOVIMENTO
18078,2.000,0.300,0.300,2.044,0,MOVIMENTO
18132,2.000,0.300,0.300,2.044,0,MOVIMENTO
18186,2.000,0.300,0.300,2.044,0,MOVIMENTO
18240,2.000,0.300,0.300,2.044,0,MOVIMENTO
18294,2.000,0.300,0.300,2.044,0,MOVIMENTO
18348,2.000,0.300,0.300,2.044,0,MOVIMENTO
18402,2.000,0.300,0.300,2.044,0,MOVIMENTO
18456,2.000,0.300,0.300,2.044,0,MOVIMENTO
18510,2.000,0.300,0.300,2.044,0,MOVIMENTO
18564,2.000,0.300,0.300,2.044,0,MOVIMENTO
18618,2.000,0.300,0.300,2.044,0,MOVIMENTO
18672,2.000,0.300,0.300,2.044,0,MOVIMENTO
18726,2.000,0.300,0.300,2.044,0,MOVIMENTO
18780,2.000,0.300,0.300,2.044,0,MOVIMENTO
18834,2.000,0.300,0.300,2.044,0,MOVIMENTO
18888,2.000,0.300,0.300,2.044,0,MOVIMENTO
18942,2.000,0.300,0.300,2.044,0,MOVIMENTO
18996,2.000,0.300,0.300,2.044,0,MOVIMENTO
19050,2.000,0.300,0.300,2.044,0,MOVIMENTO
19104,2.000,0.300,0.300,2.044,0,MOVIMENTO
19158,2.000,0.300,0.300,2.044,0,MOVIMENTO
19212,2.000,0.300,0.300,2.044,0,MOVIMENTO
19266,2.000,0.300,0.300,2.044,0,MOVIMENTO
19320,2.000,0.300,0.300,2.044,0,MOVIMENTO
19374,2.000,0.300,0.300,2.044,0,MOVIMENTO
19428,2.000,0.300,0.300,2.044,0,MOVIMENTO
19482,2.000,0.300,0.300,2.044,0,MOVIMENTO
19536,2.000,0.300,0.300,2.044,0,MOVIMENTO
19590,1.750,0.300,0.300,1.801,0,MOVIMENTO
19644,1.700,0.300,0.300,1.752,0,MOVIMENTO
19698,1.700,0.300,0.300,1.752,0,MOVIMENTO
19752,1.700,0.300,0.300,1.752,0,MOVIMENTO
19806,1.650,0.300,0.300,1.704,0,MOVIMENTO
19860,1.650,0.300,0.300,1.704,0,MOVIMENTO
19914,1.650,0.300,0.300,1.704,0,MOVIMENTO
19968,1.650,0.300,0.300,1.704,0,MOVIMENTO
20022,1.650,0.300,0.300,1.704,0,MOVIMENTO
20076,1.650,0.300,0.300,1.704,0,MOVIMENTO
20130,1.600,0.300,0.300,1.655,0,MOVIMENTO
20184,1.600,0.300,0.300,1.655,0,MOVIMENTO
20238,1.600,0.300,0.300,1.655,0,MOVIMENTO
20292,1.550,0.300,0.300,1.607,0,MOVIMENTO
20346,1.500,0.300,0.300,1.559,0,MOVIMENTO
20400,1.500,0.300,0.300,1.559,0,MOVIMENTO
20454,1.500,0.300,0.300,1.559,0,MOVIMENTO
20508,1.500,0.300,0.300,1.559,0,MOVIMENTO
20562,1.500,0.300,0.300,1.559,0,MOVIMENTO
20616,1.350,0.300,0.300,1.415,0,NORMAL
20670,1.350,0.300,0.300,1.415,0,NORMAL
20724,1.300,0.300,0.300,1.367,0,NORMAL
20778,1.300,0.300,0.300,1.367,0,NORMAL
20832,1.300,0.300,0.300,1.367,0,NORMAL
20886,1.250,0.300,0.300,1.320,0,NORMAL
20940,1.200,0.300,0.300,1.273,0,NORMAL
20994,1.150,0.300,0.300,1.226,0,NORMAL
21048,1.150,0.300,0.300,1.226,0,NORMAL
21102,1.050,0.300,0.300,1.132,0,NORMAL
21156,1.000,0.300,0.300,1.086,0,NORMAL
21210,1.000,0.300,0.300,1.086,0,NORMAL
21264,1.000,0.300,0.300,1.086,0,NORMAL
21318,1.000,0.300,0.300,1.086,0,NORMAL
21372,0.950,0.300,0.300,1.040,0,NORMAL
21426,0.950,0.300,0.300,1.040,0,NORMAL
21480,0.950,0.300,0.300,1.040,0,NORMAL
21534,0.950,0.300,0.300,1.040,0,NORMAL
21588,0.950,0.300,0.300,1.040,0,NORMAL
21642,0.950,0.300,0.300,1.040,0,NORMAL
21696,0.950,0.300,0.300,1.040,0,NORMAL
21750,0.850,0.300,0.300,0.950,0,NORMAL
21804,0.800,0.300,0.300,0.906,0,NORMAL
21858,0.800,0.300,0.300,0.906,0,NORMAL
21912,0.800,0.300,0.300,0.906,0,NORMAL
21966,0.800,0.300,0.300,0.906,0,NORMAL
22020,0.800,0.300,0.300,0.906,0,NORMAL
22074,0.800,0.300,0.300,0.906,0,NORMAL
22128,0.800,0.300,0.300,0.906,0,NORMAL
22182,0.800,0.300,0.300,0.906,0,NORMAL
22236,0.800,0.300,0.300,0.906,0,NORMAL
22290,0.800,0.300,0.300,0.906,0,NORMAL
22344,0.800,0.300,0.300,0.906,0,NORMAL
22398,0.800,0.300,0.300,0.906,0,NORMAL
22452,0.800,0.300,0.300,0.906,0,NORMAL
22506,0.800,0.300,0.300,0.906,0,NORMAL
22560,0.800,0.300,0.300,0.906,0,NORMAL
22614,0.650,0.300,0.300,0.776,0,NORMAL
22668,0.600,0.300,0.300,0.735,0,NORMAL
22722,0.600,0.300,0.300,0.735,0,NORMAL
22776,0.600,0.300,0.300,0.735,0,NORMAL
22830,0.600,0.300,0.300,0.735,0,NORMAL
22884,0.600,0.300,0.300,0.735,0,NORMAL
22938,0.600,0.300,0.300,0.735,0,NORMAL
22992,0.600,0.300,0.300,0.735,0,NORMAL
23046,0.550,0.300,0.300,0.695,0,NORMAL
23100,0.550,0.300,0.300,0.695,0,NORMAL
23154,0.550,0.300,0.300,0.695,0,NORMAL
23208,0.550,0.300,0.300,0.695,0,NORMAL
23262,0.500,0.300,0.300,0.656,0,NORMAL
23316,0.450,0.300,0.300,0.618,0,NORMAL
23370,0.450,0.300,0.300,0.618,0,NORMAL
23424,0.400,0.300,0.300,0.583,0,NORMAL
23478,0.400,0.300,0.300,0.583,0,NORMAL
23532,0.400,0.300,0.300,0.583,0,NORMAL
23586,0.400,0.300,0.300,0.583,0,NORMAL
23640,0.400,0.300,0.300,0.583,0,NORMAL
23694,0.400,0.300,0.300,0.583,0,NORMAL
23748,0.400,0.300,0.300,0.583,0,NORMAL
23802,0.400,0.300,0.300,0.583,0,NORMAL
23856,0.400,0.300,0.300,0.583,0,NORMAL
23910,0.400,0.300,0.300,0.583,0,NORMAL
23964,0.350,0.300,0.300,0.550,0,NORMAL
24018,0.300,0.300,0.300,0.520,0,NORMAL
24072,0.300,0.300,0.300,0.520,0,NORMAL
24126,0.300,0.300,0.300,0.520,0,NORMAL
24180,0.300,0.300,0.300,0.520,0,NORMAL
24234,0.300,0.300,0.300,0.520,0,NORMAL
24288,0.300,0.300,0.300,0.520,0,NORMAL
24342,0.300,0.300,0.300,0.520,0,NORMAL
24396,0.300,0.300,0.300,0.520,0,NORMAL
24450,0.300,0.300,0.300,0.520,0,NORMAL
24504,0.350,0.300,0.300,0.550,0,NORMAL
24558,0.350,0.300,0.300,0.550,0,NORMAL
24612,0.350,0.300,0.300,0.550,0,NORMAL
24666,0.400,0.300,0.300,0.583,0,NORMAL
24720,0.400,0.300,0.300,0.583,0,NORMAL
24774,0.400,0.300,0.300,0.583,0,NORMAL
24828,0.400,0.300,0.300,0.583,0,NORMAL
24882,0.400,0.300,0.300,0.583,0,NORMAL
24936,0.450,0.300,0.300,0.618,0,NORMAL
24990,0.450,0.300,0.300,0.618,0,NORMAL
25044,0.500,0.300,0.300,0.656,0,NORMAL
25098,0.500,0.300,0.300,0.656,0,NORMAL
25152,0.550,0.300,0.300,0.695,0,NORMAL
25206,0.550,0.300,0.300,0.695,0,NORMAL
25260,0.600,0.300,0.300,0.735,0,NORMAL
25314,0.600,0.300,0.300,0.735,0,NORMAL
25368,0.600,0.300,0.300,0.735,0,NORMAL
25422,0.600,0.300,0.300,0.735,0,NORMAL
25476,0.650,0.300,0.300,0.776,0,NORMAL
25530,0.650,0.300,0.300,0.776,0,NORMAL
25584,0.700,0.300,0.300,0.818,0,NORMAL
25638,0.750,0.300,0.300,0.862,0,NORMAL
25692,0.800,0.300,0.300,0.906,0,NORMAL
25746,0.800,0.300,0.300,0.906,0,NORMAL
25800,0.850,0.300,0.300,0.950,0,NORMAL
25854,0.900,0.300,0.300,0.995,0,NORMAL
25908,0.950,0.300,0.300,1.040,0,NORMAL
25962,1.050,0.300,0.300,1.132,0,NORMAL
26016,1.150,0.300,0.300,1.226,0,NORMAL
26070,1.150,0.300,0.300,1.226,0,NORMAL
26124,1.150,0.300,0.300,1.226,0,NORMAL
26178,1.250,0.300,0.300,1.320,0,NORMAL
26232,1.300,0.300,0.300,1.367,0,NORMAL
26286,1.300,0.300,0.300,1.367,0,NORMAL
26340,1.400,0.300,0.300,1.463,0,NORMAL
26394,1.450,0.300,0.300,1.511,0,MOVIMENTO
26448,1.450,0.300,0.300,1.511,0,MOVIMENTO
26502,1.500,0.300,0.300,1.559,0,MOVIMENTO
26556,1.550,0.300,0.300,1.607,0,MOVIMENTO
26610,1.600,0.300,0.300,1.655,0,MOVIMENTO
26664,1.650,0.300,0.300,1.704,0,MOVIMENTO
26718,1.700,0.300,0.300,1.752,0,MOVIMENTO
26772,1.700,0.300,0.300,1.752,0,MOVIMENTO
26826,1.700,0.300,0.300,1.752,0,MOVIMENTO
26880,1.750,0.300,0.300,1.801,0,MOVIMENTO
26934,1.750,0.300,0.300,1.801,0,MOVIMENTO
26988,1.800,0.300,0.300,1.849,0,MOVIMENTO
27042,1.850,0.300,0.300,1.898,0,MOVIMENTO
27096,1.900,0.300,0.300,1.947,0,MOVIMENTO
27150,1.900,0.300,0.300,1.947,0,MOVIMENTO
27204,1.900,0.300,0.300,1.947,0,MOVIMENTO
27258,1.900,0.300,0.300,1.947,0,MOVIMENTO
27312,1.900,0.300,0.300,1.947,0,MOVIMENTO
27366,1.900,0.300,0.300,1.947,0,MOVIMENTO
27420,1.900,0.300,0.300,1.947,0,MOVIMENTO
27474,1.900,0.300,0.300,1.947,0,MOVIMENTO
27528,1.900,0.300,0.300,1.947,0,MOVIMENTO
27582,1.900,0.300,0.300,1.947,0,MOVIMENTO
27636,1.900,0.300,0.300,1.947,0,MOVIMENTO
27690,1.900,0.300,0.300,1.947,0,MOVIMENTO
27744,1.900,0.300,0.300,1.947,0,MOVIMENTO
27798,1.900,0.300,0.300,1.947,0,MOVIMENTO
27852,1.900,0.300,0.300,1.947,0,MOVIMENTO
27906,1.900,0.300,0.300,1.947,0,MOVIMENTO
27960,1.900,0.300,0.300,1.947,0,MOVIMENTO
28014,1.900,0.300,0.300,1.947,0,MOVIMENTO
28068,1.900,0.300,0.300,1.947,0,MOVIMENTO
28122,1.900,0.300,0.300,1.947,0,MOVIMENTO
28176,1.900,0.300,0.300,1.947,0,MOVIMENTO
28230,1.900,0.300,0.300,1.947,0,MOVIMENTO
28284,1.900,0.300,0.300,1.947,0,MOVIMENTO
28338,1.900,0.300,0.300,1.947,0,MOVIMENTO
28392,1.900,0.300,0.300,1.947,0,MOVIMENTO
28446,1.900,0.300,0.300,1.947,0,MOVIMENTO
28500,1.800,0.300,0.300,1.849,0,MOVIMENTO
28554,-2.000,0.300,0.300,2.045,0,MOVIMENTO
28608,-2.000,0.300,0.300,2.045,0,MOVIMENTO
28662,-2.000,0.300,0.300,2.045,0,MOVIMENTO
28716,-2.000,0.300,0.300,2.045,0,MOVIMENTO
28770,-2.000,0.300,0.300,2.045,0,MOVIMENTO
28824,-2.000,0.300,0.300,2.045,0,MOVIMENTO
28878,-2.000,0.300,0.300,2.045,0,MOVIMENTO
28932,-2.000,0.300,0.300,2.045,0,MOVIMENTO
28986,-2.000,0.300,0.300,2.045,0,MOVIMENTO
29040,-2.000,0.300,0.300,2.045,0,MOVIMENTO
29094,-2.000,0.300,0.300,2.045,0,MOVIMENTO
29148,-2.000,0.300,0.300,2.045,0,MOVIMENTO
29202,-2.000,0.300,0.300,2.045,0,MOVIMENTO
29256,-2.000,0.300,0.300,2.045,0,MOVIMENTO
29310,-2.000,0.300,0.300,2.045,0,MOVIMENTO
29364,-2.000,0.300,0.300,2.045,0,MOVIMENTO
29418,-2.000,0.300,0.300,2.045,0,MOVIMENTO
29472,-2.000,0.300,0.300,2.045,0,MOVIMENTO
29526,-2.000,0.300,0.300,2.045,0,MOVIMENTO
29580,-2.000,0.300,0.300,2.045,0,MOVIMENTO
29634,-2.000,0.300,0.300,2.045,0,MOVIMENTO
29688,-2.000,0.300,0.300,2.045,0,MOVIMENTO
29742,-2.000,0.300,0.300,2.045,0,MOVIMENTO
29796,-2.000,0.300,0.300,2.045,0,MOVIMENTO
29850,-1.900,0.300,0.300,1.947,0,MOVIMENTO
29904,-1.650,0.300,0.300,1.704,0,MOVIMENTO
29958,-1.450,0.300,0.300,1.511,0,MOVIMENTO
30012,-1.000,0.300,0.300,1.086,0,NORMAL
30066,-0.900,0.300,0.300,0.995,0,NORMAL
30120,-0.700,0.300,0.300,0.818,0,NORMAL
30174,-0.600,0.300,0.300,0.735,0,NORMAL
30228,-0.400,0.300,0.300,0.583,0,NORMAL
30282,-0.100,0.300,0.300,0.436,0,QUEDA_LIVRE
30336,-0.100,0.300,0.300,0.436,0,QUEDA_LIVRE
30390,-0.100,0.300,0.300,0.436,0,QUEDA_LIVRE
30444,-0.100,0.300,0.300,0.436,0,QUEDA_LIVRE
30498,-0.100,0.300,0.300,0.436,0,QUEDA_LIVRE
30552,-0.100,0.300,0.300,0.436,0,QUEDA_LIVRE
30606,-0.100,0.300,0.300,0.436,0,QUEDA_LIVRE
30660,-0.100,0.300,0.300,0.436,0,QUEDA_LIVRE
30714,-0.100,0.300,0.300,0.436,0,QUEDA_LIVRE
30768,-0.100,0.300,0.300,0.436,0,QUEDA_LIVRE
30822,-0.100,0.300,0.300,0.436,0,QUEDA_LIVRE
30876,-0.100,0.300,0.300,0.436,0,QUEDA_LIVRE
30930,-0.100,0.300,0.300,0.436,0,QUEDA_LIVRE
30984,-0.100,0.300,0.300,0.436,0,QUEDA_LIVRE
31038,-0.100,0.300,0.300,0.436,0,QUEDA_LIVRE
31092,-0.100,0.300,0.300,0.436,0,QUEDA_LIVRE
31146,-0.100,0.300,0.300,0.436,0,QUEDA_LIVRE
31200,-0.100,0.300,0.300,0.436,0,QUEDA_LIVRE
31254,-0.100,0.300,0.300,0.436,0,QUEDA_LIVRE
31308,-0.100,0.300,0.300,0.436,0,QUEDA_LIVRE
31362,-0.100,0.300,0.300,0.436,0,QUEDA_LIVRE
31416,-0.100,0.300,0.300,0.436,0,QUEDA_LIVRE
31470,-0.100,0.300,0.300,0.436,0,QUEDA_LIVRE
31524,-0.100,0.300,0.300,0.436,0,QUEDA_LIVRE
31578,-0.100,0.300,0.300,0.436,0,QUEDA_LIVRE
31632,-0.100,0.300,0.300,0.436,0,QUEDA_LIVRE
31686,-0.100,0.300,0.300,0.436,0,QUEDA_LIVRE
31740,-0.100,0.300,0.300,0.436,0,QUEDA_LIVRE
31794,-0.100,0.300,0.300,0.436,0,QUEDA_LIVRE
31848,-0.100,0.300,0.300,0.436,0,QUEDA_LIVRE
31902,-0.100,0.300,0.300,0.436,0,QUEDA_LIVRE
31956,-0.100,0.300,0.300,0.436,0,QUEDA_LIVRE
32010,-0.100,0.300,0.300,0.436,0,QUEDA_LIVRE
32064,-0.100,0.300,0.300,0.436,0,QUEDA_LIVRE
32118,-0.100,0.300,0.300,0.436,0,QUEDA_LIVRE
32172,-0.100,0.300,0.300,0.436,0,QUEDA_LIVRE
32226,-0.050,0.300,0.300,0.427,0,QUEDA_LIVRE
32280,2.000,0.300,0.300,2.044,1,QUEDA_DETECTADA!

🚨🚨🚨 ALERTA DE EMERGÊNCIA 🚨🚨🚨
QUEDA DE TRABALHADOR DETECTADA!
Timestamp: 32283
Magnitude do Impacto: 2.04g
Total de Quedas Detectadas: 2
Acionando protocolo de segurança...

35846,2.000,0.300,0.300,2.044,0,MOVIMENTO
35900,2.000,0.300,0.300,2.044,0,MOVIMENTO
35954,2.000,0.300,0.300,2.044,0,MOVIMENTO
36008,2.000,0.300,0.300,2.044,0,MOVIMENTO
36062,2.000,0.300,0.300,2.044,0,MOVIMENTO
36116,2.000,0.300,0.300,2.044,0,MOVIMENTO
36170,2.000,0.300,0.300,2.044,0,MOVIMENTO
36224,2.000,0.300,0.300,2.044,0,MOVIMENTO
36278,2.000,0.300,0.300,2.044,0,MOVIMENTO
36332,2.000,0.300,0.300,2.044,0,MOVIMENTO
36386,2.000,0.300,0.300,2.044,0,MOVIMENTO
36440,2.000,0.300,0.300,2.044,0,MOVIMENTO
36494,1.950,0.300,0.300,1.996,0,MOVIMENTO
36548,1.950,0.300,0.300,1.996,0,MOVIMENTO
36602,1.950,0.300,0.300,1.996,0,MOVIMENTO
36656,1.950,0.300,0.300,1.996,0,MOVIMENTO
36710,1.850,0.300,0.300,1.898,0,MOVIMENTO
36764,1.800,0.300,0.300,1.849,0,MOVIMENTO
36818,1.700,0.300,0.300,1.752,0,MOVIMENTO
36872,1.700,0.300,0.300,1.752,0,MOVIMENTO
36926,1.600,0.300,0.300,1.655,0,MOVIMENTO
36980,1.600,0.300,0.300,1.655,0,MOVIMENTO
37034,1.500,0.300,0.300,1.559,0,MOVIMENTO
37088,1.500,0.300,0.300,1.559,0,MOVIMENTO
37142,1.450,0.300,0.300,1.511,0,MOVIMENTO
37196,1.400,0.300,0.300,1.463,0,NORMAL
37250,1.350,0.300,0.300,1.415,0,NORMAL
37304,1.350,0.300,0.300,1.415,0,NORMAL
37358,1.350,0.300,0.300,1.415,0,NORMAL
37412,1.350,0.300,0.300,1.415,0,NORMAL
37466,1.250,0.300,0.300,1.320,0,NORMAL
37520,1.200,0.300,0.300,1.273,0,NORMAL
37574,1.200,0.300,0.300,1.273,0,NORMAL
37628,1.200,0.300,0.300,1.273,0,NORMAL
37682,1.150,0.300,0.300,1.226,0,NORMAL
37736,1.150,0.300,0.300,1.226,0,NORMAL
37790,1.150,0.300,0.300,1.226,0,NORMAL
37844,1.100,0.300,0.300,1.179,0,NORMAL
37898,1.050,0.300,0.300,1.132,0,NORMAL
37952,1.000,0.300,0.300,1.086,0,NORMAL
38006,0.950,0.300,0.300,1.040,0,NORMAL
38060,0.950,0.300,0.300,1.040,0,NORMAL
38114,0.950,0.300,0.300,1.040,0,NORMAL
38168,0.850,0.300,0.300,0.950,0,NORMAL
38222,0.850,0.300,0.300,0.950,0,NORMAL
38276,0.800,0.300,0.300,0.906,0,NORMAL
38330,0.800,0.300,0.300,0.906,0,NORMAL
38384,0.800,0.300,0.300,0.906,0,NORMAL
38438,0.800,0.300,0.300,0.906,0,NORMAL
38492,0.800,0.300,0.300,0.906,0,NORMAL
38546,0.800,0.300,0.300,0.906,0,NORMAL
38600,0.800,0.300,0.300,0.906,0,NORMAL
38654,0.800,0.300,0.300,0.906,0,NORMAL
38708,0.800,0.300,0.300,0.906,0,NORMAL
38762,0.800,0.300,0.300,0.906,0,NORMAL
38816,0.750,0.300,0.300,0.862,0,NORMAL
38870,0.750,0.300,0.300,0.862,0,NORMAL
38924,0.750,0.300,0.300,0.862,0,NORMAL
38978,0.700,0.300,0.300,0.818,0,NORMAL
39032,0.650,0.300,0.300,0.776,0,NORMAL
39086,0.650,0.300,0.300,0.776,0,NORMAL
39140,0.600,0.300,0.300,0.735,0,NORMAL
39194,0.600,0.300,0.300,0.735,0,NORMAL
39248,0.600,0.300,0.300,0.735,0,NORMAL
39302,0.600,0.300,0.300,0.735,0,NORMAL
39356,0.600,0.300,0.300,0.735,0,NORMAL
39410,0.600,0.300,0.300,0.735,0,NORMAL
39464,0.600,0.300,0.300,0.735,0,NORMAL
39518,0.600,0.300,0.300,0.735,0,NORMAL
39572,0.600,0.300,0.300,0.735,0,NORMAL
39626,0.600,0.300,0.300,0.735,0,NORMAL
39680,0.600,0.300,0.300,0.735,0,NORMAL
39734,0.600,0.300,0.300,0.735,0,NORMAL
39788,0.600,0.300,0.300,0.735,0,NORMAL
39842,0.600,0.300,0.300,0.735,0,NORMAL
39896,0.600,0.300,0.300,0.735,0,NORMAL
39950,0.600,0.300,0.300,0.735,0,NORMAL
40004,0.600,0.300,0.300,0.735,0,NORMAL
40058,0.600,0.300,0.300,0.735,0,NORMAL
40112,0.600,0.300,0.300,0.735,0,NORMAL
40166,0.600,0.300,0.300,0.735,0,NORMAL
40220,0.600,0.300,0.300,0.735,0,NORMAL
40274,0.600,0.300,0.300,0.735,0,NORMAL
40328,0.600,0.300,0.300,0.735,0,NORMAL
40382,0.600,0.300,0.300,0.735,0,NORMAL
40436,0.600,0.300,0.300,0.735,0,NORMAL
40490,0.700,0.300,0.300,0.818,0,NORMAL
40544,0.800,0.300,0.300,0.906,0,NORMAL
40598,0.850,0.300,0.300,0.950,0,NORMAL
40652,0.900,0.300,0.300,0.995,0,NORMAL
40706,0.950,0.300,0.300,1.040,0,NORMAL
40760,0.950,0.300,0.300,1.040,0,NORMAL
40814,1.050,0.300,0.300,1.132,0,NORMAL
40868,1.050,0.300,0.300,1.132,0,NORMAL
40922,1.050,0.300,0.300,1.132,0,NORMAL
40976,1.100,0.300,0.300,1.179,0,NORMAL
41030,1.100,0.300,0.300,1.179,0,NORMAL
41084,1.100,0.300,0.300,1.179,0,NORMAL
41138,1.100,0.300,0.300,1.179,0,NORMAL
41192,1.100,0.300,0.300,1.179,0,NORMAL
41246,1.100,0.300,0.300,1.179,0,NORMAL
41300,1.100,0.300,0.300,1.179,0,NORMAL
41354,1.100,0.300,0.300,1.179,0,NORMAL
41408,1.100,0.300,0.300,1.179,0,NORMAL
41462,1.100,0.300,0.300,1.179,0,NORMAL
41516,1.100,0.300,0.300,1.179,0,NORMAL
41570,1.100,0.300,0.300,1.179,0,NORMAL
41624,1.100,0.300,0.300,1.179,0,NORMAL
41678,1.100,0.300,0.300,1.179,0,NORMAL
41732,1.100,0.300,0.300,1.179,0,NORMAL
41786,1.100,0.300,0.300,1.179,0,NORMAL
41840,1.100,0.300,0.300,1.179,0,NORMAL
41894,1.100,0.300,0.300,1.179,0,NORMAL
41948,1.100,0.300,0.300,1.179,0,NORMAL
42002,1.100,0.300,0.300,1.179,0,NORMAL
42056,1.100,0.300,0.300,1.179,0,NORMAL
42110,1.100,0.300,0.300,1.179,0,NORMAL
42164,1.100,0.300,0.300,1.179,0,NORMAL
42218,1.100,0.300,0.300,1.179,0,NORMAL
42272,1.100,0.300,0.300,1.179,0,NORMAL
42326,1.100,0.300,0.300,1.179,0,NORMAL
42380,1.100,0.300,0.300,1.179,0,NORMAL
42434,1.100,0.300,0.300,1.179,0,NORMAL
42488,1.100,0.300,0.300,1.179,0,NORMAL
42542,1.100,0.300,0.300,1.179,0,NORMAL
42596,1.100,0.300,0.300,1.179,0,NORMAL
42650,1.100,0.300,0.300,1.179,0,NORMAL
42704,1.100,0.300,0.300,1.179,0,NORMAL
42758,1.100,0.300,0.300,1.179,0,NORMAL
42812,1.100,0.300,0.300,1.179,0,NORMAL
42866,1.000,0.300,0.300,1.086,0,NORMAL
42920,0.950,0.300,0.300,1.040,0,NORMAL
42974,0.950,0.300,0.300,1.040,0,NORMAL
43028,0.950,0.300,0.300,1.040,0,NORMAL
43082,0.950,0.300,0.300,1.040,0,NORMAL
43136,0.900,0.300,0.300,0.995,0,NORMAL
43190,0.850,0.300,0.300,0.950,0,NORMAL
43244,0.800,0.300,0.300,0.906,0,NORMAL
43298,0.800,0.300,0.300,0.906,0,NORMAL
43352,0.800,0.300,0.300,0.906,0,NORMAL
43406,0.800,0.300,0.300,0.906,0,NORMAL
43460,0.800,0.300,0.300,0.906,0,NORMAL
43514,0.800,0.300,0.300,0.906,0,NORMAL
43568,0.750,0.300,0.300,0.862,0,NORMAL
43622,0.700,0.300,0.300,0.818,0,NORMAL
43676,0.700,0.300,0.300,0.818,0,NORMAL
43730,0.650,0.300,0.300,0.776,0,NORMAL
43784,0.600,0.300,0.300,0.735,0,NORMAL
43838,0.550,0.300,0.300,0.695,0,NORMAL
43892,0.500,0.300,0.300,0.656,0,NORMAL
43946,0.450,0.300,0.300,0.618,0,NORMAL
44000,0.400,0.300,0.300,0.583,0,NORMAL
44054,0.400,0.300,0.300,0.583,0,NORMAL
44108,0.350,0.300,0.300,0.550,0,NORMAL
44162,0.250,0.300,0.300,0.492,0,QUEDA_LIVRE
44216,0.150,0.300,0.300,0.450,0,QUEDA_LIVRE
44270,0.050,0.300,0.300,0.427,0,QUEDA_LIVRE
44324,-0.050,0.300,0.300,0.427,0,QUEDA_LIVRE
44378,-0.150,0.300,0.300,0.450,0,QUEDA_LIVRE
44432,-0.150,0.300,0.300,0.450,0,QUEDA_LIVRE
44486,-0.150,0.300,0.300,0.450,0,QUEDA_LIVRE
44540,-0.150,0.300,0.300,0.450,0,QUEDA_LIVRE
44594,-0.200,0.300,0.300,0.469,0,QUEDA_LIVRE
44648,-0.250,0.300,0.300,0.492,0,QUEDA_LIVRE
44702,-0.300,0.300,0.300,0.520,0,QUEDA_LIVRE
44756,-0.300,0.300,0.300,0.520,0,QUEDA_LIVRE
44810,-0.300,0.300,0.300,0.520,0,QUEDA_LIVRE
44864,-0.300,0.300,0.300,0.520,0,QUEDA_LIVRE
44918,-0.300,0.300,0.300,0.520,0,QUEDA_LIVRE
44972,-0.300,0.300,0.300,0.520,0,QUEDA_LIVRE
45026,-0.300,0.300,0.300,0.520,0,QUEDA_LIVRE
45080,-0.300,0.300,0.300,0.520,0,QUEDA_LIVRE
45134,-0.300,0.300,0.300,0.520,0,QUEDA_LIVRE
45188,-0.300,0.300,0.300,0.520,0,QUEDA_LIVRE
45242,-0.300,0.300,0.300,0.520,0,QUEDA_LIVRE
45296,-0.300,0.300,0.300,0.520,0,QUEDA_LIVRE
45350,-0.300,0.300,0.300,0.520,0,QUEDA_LIVRE
45404,-0.300,0.300,0.300,0.520,0,QUEDA_LIVRE
45458,-0.300,0.300,0.300,0.520,0,QUEDA_LIVRE
45512,-0.300,0.300,0.300,0.520,0,QUEDA_LIVRE
45566,-0.300,0.300,0.300,0.520,0,QUEDA_LIVRE
45620,-0.300,0.300,0.300,0.520,0,QUEDA_LIVRE
45674,-0.300,0.300,0.300,0.520,0,QUEDA_LIVRE
45728,-0.300,0.300,0.300,0.520,0,QUEDA_LIVRE
45782,-0.300,0.300,0.300,0.520,0,QUEDA_LIVRE
45836,-0.300,0.300,0.300,0.520,0,QUEDA_LIVRE
45890,-0.300,0.300,0.300,0.520,0,QUEDA_LIVRE
45944,-0.300,0.300,0.300,0.520,0,QUEDA_LIVRE
45998,-0.300,0.300,0.300,0.520,0,QUEDA_LIVRE
46052,-0.300,0.300,0.300,0.520,0,QUEDA_LIVRE
46106,-0.300,0.300,0.300,0.520,0,QUEDA_LIVRE
46160,-0.300,0.300,0.300,0.520,0,QUEDA_LIVRE
46214,-0.300,0.300,0.300,0.520,0,NORMAL
46268,-0.300,0.300,0.300,0.520,0,NORMAL
46322,-0.150,0.300,0.300,0.450,0,QUEDA_LIVRE
46376,2.000,0.300,0.300,2.044,0,QUEDA_LIVRE
46430,2.000,0.300,0.300,2.044,1,QUEDA_DETECTADA!

🚨🚨🚨 ALERTA DE EMERGÊNCIA 🚨🚨🚨
QUEDA DE TRABALHADOR DETECTADA!
Timestamp: 46433
Magnitude do Impacto: 2.04g
Total de Quedas Detectadas: 3
Acionando protocolo de segurança...

49996,2.000,0.300,0.300,2.044,0,MOVIMENTO
50050,2.000,0.300,0.300,2.044,0,MOVIMENTO
50104,2.000,0.300,0.300,2.044,0,MOVIMENTO
50158,2.000,0.300,0.300,2.044,0,MOVIMENTO
50212,2.000,0.300,0.300,2.044,0,MOVIMENTO
50266,2.000,0.300,0.300,2.044,0,MOVIMENTO
50320,2.000,0.300,0.300,2.044,0,MOVIMENTO
50374,2.000,0.300,0.300,2.044,0,MOVIMENTO
50428,2.000,0.300,0.300,2.044,0,MOVIMENTO
50482,2.000,0.300,0.300,2.044,0,MOVIMENTO
50536,2.000,0.300,0.300,2.044,0,MOVIMENTO
50590,2.000,0.300,0.300,2.044,0,MOVIMENTO
50644,2.000,0.300,0.300,2.044,0,MOVIMENTO
50698,2.000,0.300,0.300,2.044,0,MOVIMENTO
50752,2.000,0.300,0.300,2.044,0,MOVIMENTO
50806,2.000,0.300,0.300,2.044,0,MOVIMENTO
50860,2.000,0.300,0.300,2.044,0,MOVIMENTO
50914,2.000,0.300,0.300,2.044,0,MOVIMENTO
50968,2.000,0.300,0.300,2.044,0,MOVIMENTO
51022,2.000,0.300,0.300,2.044,0,MOVIMENTO
51076,2.000,0.300,0.300,2.044,0,MOVIMENTO
51130,2.000,0.300,0.300,2.044,0,MOVIMENTO
51184,2.000,0.300,0.300,2.044,0,MOVIMENTO
51238,2.000,0.300,0.300,2.044,0,MOVIMENTO
51292,2.000,0.300,0.300,2.044,0,MOVIMENTO
51346,2.000,0.300,0.300,2.044,0,MOVIMENTO
51400,2.000,0.300,0.300,2.044,0,MOVIMENTO
51454,2.000,0.300,0.300,2.044,0,MOVIMENTO
51508,2.000,0.300,0.300,2.044,0,MOVIMENTO
51562,2.000,0.300,0.300,2.044,0,MOVIMENTO
51616,2.000,0.300,0.300,2.044,0,MOVIMENTO
51670,2.000,0.300,0.300,2.044,0,MOVIMENTO
51724,2.000,0.300,0.300,2.044,0,MOVIMENTO
51778,2.000,0.300,0.300,2.044,0,MOVIMENTO
51832,2.000,0.300,0.300,2.044,0,MOVIMENTO
51886,2.000,0.300,0.300,2.044,0,MOVIMENTO
51940,2.000,0.300,0.300,2.044,0,MOVIMENTO
51994,2.000,0.300,0.300,2.044,0,MOVIMENTO
52048,2.000,0.300,0.300,2.044,0,MOVIMENTO
52102,2.000,0.300,0.300,2.044,0,MOVIMENTO
52156,2.000,0.300,0.300,2.044,0,MOVIMENTO
52210,2.000,0.300,0.300,2.044,0,MOVIMENTO
52264,2.000,0.300,0.300,2.044,0,MOVIMENTO
52318,2.000,0.300,0.300,2.044,0,MOVIMENTO
52372,2.000,0.300,0.300,2.044,0,MOVIMENTO
52426,2.000,0.300,0.300,2.044,0,MOVIMENTO
52480,2.000,0.300,0.300,2.044,0,MOVIMENTO
52534,2.000,0.300,0.300,2.044,0,MOVIMENTO
52588,2.000,0.300,0.300,2.044,0,MOVIMENTO
52642,2.000,0.300,0.300,2.044,0,MOVIMENTO
52696,2.000,0.300,0.300,2.044,0,MOVIMENTO
52750,2.000,0.300,0.300,2.044,0,MOVIMENTO
52804,2.000,0.300,0.300,2.044,0,MOVIMENTO
52858,2.000,0.300,0.300,2.044,0,MOVIMENTO
52912,2.000,0.300,0.300,2.044,0,MOVIMENTO
52966,1.850,0.300,0.300,1.898,0,MOVIMENTO
53020,1.800,0.300,0.300,1.849,0,MOVIMENTO
53074,1.600,0.300,0.300,1.655,0,MOVIMENTO
53128,1.550,0.300,0.300,1.607,0,MOVIMENTO
53182,1.550,0.300,0.300,1.607,0,MOVIMENTO
53236,1.450,0.300,0.300,1.511,0,MOVIMENTO
53290,1.400,0.300,0.300,1.463,0,NORMAL
53344,1.350,0.300,0.300,1.415,0,NORMAL
53398,1.250,0.300,0.300,1.320,0,NORMAL
53452,1.150,0.300,0.300,1.226,0,NORMAL
53506,1.100,0.300,0.300,1.179,0,NORMAL
53560,0.950,0.300,0.300,1.040,0,NORMAL
53614,0.950,0.300,0.300,1.040,0,NORMAL
53668,0.950,0.300,0.300,1.040,0,NORMAL
53722,0.850,0.300,0.300,0.950,0,NORMAL
53776,0.850,0.300,0.300,0.950,0,NORMAL
53830,0.850,0.300,0.300,0.950,0,NORMAL
53884,0.800,0.300,0.300,0.906,0,NORMAL
53938,0.800,0.300,0.300,0.906,0,NORMAL
53992,0.750,0.300,0.300,0.862,0,NORMAL
54046,0.750,0.300,0.300,0.862,0,NORMAL
54100,0.750,0.300,0.300,0.862,0,NORMAL
54154,0.750,0.300,0.300,0.862,0,NORMAL
54208,0.700,0.300,0.300,0.818,0,NORMAL
54262,0.700,0.300,0.300,0.818,0,NORMAL
54316,0.700,0.300,0.300,0.818,0,NORMAL
54370,0.700,0.300,0.300,0.818,0,NORMAL
54424,0.700,0.300,0.300,0.818,0,NORMAL
54478,0.650,0.300,0.300,0.776,0,NORMAL
54532,0.600,0.300,0.300,0.735,0,NORMAL
54586,0.550,0.300,0.300,0.695,0,NORMAL
54640,0.550,0.300,0.300,0.695,0,NORMAL
54694,0.550,0.300,0.300,0.695,0,NORMAL
54748,0.550,0.300,0.300,0.695,0,NORMAL
54802,0.550,0.300,0.300,0.695,0,NORMAL
54856,0.550,0.300,0.300,0.695,0,NORMAL
54910,0.450,0.300,0.300,0.618,0,NORMAL
54964,0.400,0.300,0.300,0.583,0,NORMAL
55018,0.300,0.300,0.300,0.520,0,NORMAL
55072,0.300,0.300,0.300,0.520,0,NORMAL
55126,0.300,0.300,0.300,0.520,0,NORMAL
55180,0.300,0.300,0.300,0.520,0,NORMAL
55234,0.250,0.300,0.300,0.492,0,QUEDA_LIVRE
55288,0.250,0.300,0.300,0.492,0,QUEDA_LIVRE
55342,0.250,0.300,0.300,0.492,0,QUEDA_LIVRE
55396,0.200,0.300,0.300,0.469,0,QUEDA_LIVRE
55450,0.150,0.300,0.300,0.450,0,QUEDA_LIVRE
55504,0.100,0.300,0.300,0.436,0,QUEDA_LIVRE
55558,0.100,0.300,0.300,0.436,0,QUEDA_LIVRE
55612,0.100,0.300,0.300,0.436,0,QUEDA_LIVRE
55666,0.050,0.300,0.300,0.427,0,QUEDA_LIVRE
55720,0.050,0.300,0.300,0.427,0,QUEDA_LIVRE
55774,-0.050,0.300,0.300,0.427,0,QUEDA_LIVRE
55828,-0.100,0.300,0.300,0.436,0,QUEDA_LIVRE
55882,-0.150,0.300,0.300,0.450,0,QUEDA_LIVRE
55936,-0.150,0.300,0.300,0.450,0,QUEDA_LIVRE
55990,-0.150,0.300,0.300,0.450,0,QUEDA_LIVRE
56044,-0.150,0.300,0.300,0.450,0,QUEDA_LIVRE
56098,-0.150,0.300,0.300,0.450,0,QUEDA_LIVRE
56152,-0.150,0.300,0.300,0.450,0,QUEDA_LIVRE
56206,-0.150,0.300,0.300,0.450,0,QUEDA_LIVRE
56260,-0.150,0.300,0.300,0.450,0,QUEDA_LIVRE
56314,-0.150,0.300,0.300,0.450,0,QUEDA_LIVRE
56368,-0.150,0.300,0.300,0.450,0,QUEDA_LIVRE
56422,-0.150,0.300,0.300,0.450,0,QUEDA_LIVRE
56476,-0.150,0.300,0.300,0.450,0,QUEDA_LIVRE
56530,-0.150,0.300,0.300,0.450,0,QUEDA_LIVRE
56584,-0.150,0.300,0.300,0.450,0,QUEDA_LIVRE
56638,-0.150,0.300,0.300,0.450,0,QUEDA_LIVRE
56692,-0.150,0.300,0.300,0.450,0,QUEDA_LIVRE
56746,-0.150,0.300,0.300,0.450,0,QUEDA_LIVRE
56800,-0.150,0.300,0.300,0.450,0,QUEDA_LIVRE
56854,-0.150,0.300,0.300,0.450,0,QUEDA_LIVRE
56908,-0.150,0.300,0.300,0.450,0,QUEDA_LIVRE
56962,-0.150,0.300,0.300,0.450,0,QUEDA_LIVRE
57016,-0.150,0.300,0.300,0.450,0,QUEDA_LIVRE
57070,0.200,0.300,0.300,0.469,0,QUEDA_LIVRE
57124,1.950,0.300,0.300,1.996,1,QUEDA_DETECTADA!

🚨🚨🚨 ALERTA DE EMERGÊNCIA 🚨🚨🚨
QUEDA DE TRABALHADOR DETECTADA!
Timestamp: 57127
Magnitude do Impacto: 2.00g
Total de Quedas Detectadas: 4
Acionando protocolo de segurança...

60690,2.000,0.300,0.300,2.044,0,MOVIMENTO
60744,2.000,0.300,0.300,2.044,0,MOVIMENTO
60798,2.000,0.300,0.300,2.044,0,MOVIMENTO
60852,2.000,0.300,0.300,2.044,0,MOVIMENTO
60906,2.000,0.300,0.300,2.044,0,MOVIMENTO
60960,2.000,0.300,0.300,2.044,0,MOVIMENTO
61014,2.000,0.300,0.300,2.044,0,MOVIMENTO
61068,2.000,0.300,0.300,2.044,0,MOVIMENTO
61122,2.000,0.300,0.300,2.044,0,MOVIMENTO
61176,2.000,0.300,0.300,2.044,0,MOVIMENTO
61230,2.000,0.300,0.300,2.044,0,MOVIMENTO
61284,2.000,0.300,0.300,2.044,0,MOVIMENTO
61338,2.000,0.300,0.300,2.044,0,MOVIMENTO
61392,2.000,0.300,0.300,2.044,0,MOVIMENTO
61446,2.000,0.300,0.300,2.044,0,MOVIMENTO
61500,2.000,0.300,0.300,2.044,0,MOVIMENTO
61554,2.000,0.300,0.300,2.044,0,MOVIMENTO
61608,2.000,0.300,0.300,2.044,0,MOVIMENTO
61662,2.000,0.300,0.300,2.044,0,MOVIMENTO
61716,2.000,0.300,0.300,2.044,0,MOVIMENTO
61770,2.000,0.300,0.300,2.044,0,MOVIMENTO
61824,2.000,0.300,0.300,2.044,0,MOVIMENTO
61878,2.000,0.300,0.300,2.044,0,MOVIMENTO
61932,2.000,0.300,0.300,2.044,0,MOVIMENTO
61986,2.000,0.300,0.300,2.044,0,MOVIMENTO
62040,2.000,0.300,0.300,2.044,0,MOVIMENTO
62094,2.000,0.300,0.300,2.044,0,MOVIMENTO
62148,2.000,0.300,0.300,2.044,0,MOVIMENTO
62202,2.000,0.300,0.300,2.044,0,MOVIMENTO
62256,2.000,0.300,0.300,2.044,0,MOVIMENTO
62310,2.000,0.300,0.300,2.044,0,MOVIMENTO
62364,2.000,0.300,0.300,2.044,0,MOVIMENTO
62418,2.000,0.300,0.300,2.044,0,MOVIMENTO
62472,2.000,0.300,0.300,2.044,0,MOVIMENTO
62526,2.000,0.300,0.300,2.044,0,MOVIMENTO
62580,2.000,0.300,0.300,2.044,0,MOVIMENTO
62634,2.000,0.300,0.300,2.044,0,MOVIMENTO
62688,2.000,0.300,0.300,2.044,0,MOVIMENTO
62742,2.000,0.300,0.300,2.044,0,MOVIMENTO
62796,2.000,0.300,0.300,2.044,0,MOVIMENTO
62850,2.000,0.300,0.300,2.044,0,MOVIMENTO
62904,2.000,0.300,0.300,2.044,0,MOVIMENTO
62958,2.000,0.300,0.300,2.044,0,MOVIMENTO
63012,2.000,0.300,0.300,2.044,0,MOVIMENTO
63066,2.000,0.300,0.300,2.044,0,MOVIMENTO
63120,2.000,0.300,0.300,2.044,0,MOVIMENTO
63174,2.000,0.300,0.300,2.044,0,MOVIMENTO
63228,2.000,0.300,0.300,2.044,0,MOVIMENTO
63282,2.000,0.300,0.300,2.044,0,MOVIMENTO
63336,2.000,0.300,0.300,2.044,0,MOVIMENTO
63390,2.000,0.300,0.300,2.044,0,MOVIMENTO
63444,2.000,0.300,0.300,2.044,0,MOVIMENTO
63498,2.000,0.300,0.300,2.044,0,MOVIMENTO
63552,2.000,0.300,0.300,2.044,0,MOVIMENTO
63606,2.000,0.300,0.300,2.044,0,MOVIMENTO
63660,2.000,0.300,0.300,2.044,0,MOVIMENTO
63714,2.000,0.300,0.300,2.044,0,MOVIMENTO
63768,2.000,0.300,0.300,2.044,0,MOVIMENTO
63822,2.000,0.300,0.300,2.044,0,MOVIMENTO
63876,2.000,0.300,0.300,2.044,0,MOVIMENTO
63930,2.000,0.300,0.300,2.044,0,MOVIMENTO
63984,2.000,0.300,0.300,2.044,0,MOVIMENTO
64038,2.000,0.300,0.300,2.044,0,MOVIMENTO
64092,2.000,0.300,0.300,2.044,0,MOVIMENTO
64146,2.000,0.300,0.300,2.044,0,MOVIMENTO
64200,2.000,0.300,0.300,2.044,0,MOVIMENTO
64254,2.000,0.300,0.300,2.044,0,MOVIMENTO
64308,2.000,0.300,0.300,2.044,0,MOVIMENTO
64362,2.000,0.300,0.300,2.044,0,MOVIMENTO
64416,2.000,0.300,0.300,2.044,0,MOVIMENTO
64470,2.000,0.300,0.300,2.044,0,MOVIMENTO
64524,2.000,0.300,0.300,2.044,0,MOVIMENTO
64578,2.000,0.300,0.300,2.044,0,MOVIMENTO
64632,2.000,0.300,0.300,2.044,0,MOVIMENTO
64686,2.000,0.300,0.300,2.044,0,MOVIMENTO
64740,2.000,0.300,0.300,2.044,0,MOVIMENTO
64794,2.000,0.300,0.300,2.044,0,MOVIMENTO
64848,2.000,0.300,0.300,2.044,0,MOVIMENTO
64902,2.000,0.300,0.300,2.044,0,MOVIMENTO
64956,2.000,0.300,0.300,2.044,0,MOVIMENTO
65010,2.000,0.300,0.300,2.044,0,MOVIMENTO
65064,2.000,0.300,0.300,2.044,0,MOVIMENTO
65118,2.000,0.300,0.300,2.044,0,MOVIMENTO
65172,2.000,0.300,0.300,2.044,0,MOVIMENTO
65226,2.000,0.300,0.300,2.044,0,MOVIMENTO
65280,2.000,0.300,0.300,2.044,0,MOVIMENTO
65334,2.000,0.300,0.300,2.044,0,MOVIMENTO
65388,2.000,0.300,0.300,2.044,0,MOVIMENTO
65442,2.000,0.300,0.300,2.044,0,MOVIMENTO
65496,2.000,0.300,0.300,2.044,0,MOVIMENTO
65550,2.000,0.300,0.300,2.044,0,MOVIMENTO
65604,2.000,0.300,0.300,2.044,0,MOVIMENTO
65658,2.000,0.300,0.300,2.044,0,MOVIMENTO
65712,2.000,0.300,0.300,2.044,0,MOVIMENTO
65766,2.000,0.300,0.300,2.044,0,MOVIMENTO
65820,2.000,0.300,0.300,2.044,0,MOVIMENTO
65874,2.000,0.300,0.300,2.044,0,MOVIMENTO
65928,2.000,0.300,0.300,2.044,0,MOVIMENTO
65982,2.000,0.300,0.300,2.044,0,MOVIMENTO
66036,2.000,0.300,0.300,2.044,0,MOVIMENTO
66090,2.000,0.300,0.300,2.044,0,MOVIMENTO
66144,2.000,0.300,0.300,2.044,0,MOVIMENTO
66198,2.000,0.300,0.300,2.044,0,MOVIMENTO
66252,2.000,0.300,0.300,2.044,0,MOVIMENTO
66306,2.000,0.300,0.300,2.044,0,MOVIMENTO
66360,2.000,0.300,0.300,2.044,0,MOVIMENTO
66414,2.000,0.300,0.300,2.044,0,MOVIMENTO
66468,2.000,0.300,0.300,2.044,0,MOVIMENTO
66522,2.000,0.300,0.300,2.044,0,MOVIMENTO
66576,2.000,0.300,0.300,2.044,0,MOVIMENTO
66630,2.000,0.300,0.300,2.044,0,MOVIMENTO
66684,2.000,0.300,0.300,2.044,0,MOVIMENTO
66738,2.000,0.300,0.300,2.044,0,MOVIMENTO
66792,2.000,0.300,0.300,2.044,0,MOVIMENTO
66846,2.000,0.300,0.300,2.044,0,MOVIMENTO
66900,2.000,0.300,0.300,2.044,0,MOVIMENTO
66954,2.000,0.300,0.300,2.044,0,MOVIMENTO
67008,2.000,0.300,0.300,2.044,0,MOVIMENTO
67062,2.000,0.300,0.300,2.044,0,MOVIMENTO
67116,2.000,0.300,0.300,2.044,0,MOVIMENTO
67170,2.000,0.300,0.300,2.044,0,MOVIMENTO
67224,2.000,0.300,0.300,2.044,0,MOVIMENTO
67278,2.000,0.300,0.300,2.044,0,MOVIMENTO
67332,2.000,0.300,0.300,2.044,0,MOVIMENTO
67386,2.000,0.300,0.300,2.044,0,MOVIMENTO
67440,2.000,0.300,0.300,2.044,0,MOVIMENTO
67494,2.000,0.300,0.300,2.044,0,MOVIMENTO
67548,2.000,0.300,0.300,2.044,0,MOVIMENTO
67602,2.000,0.300,0.300,2.044,0,MOVIMENTO
67656,2.000,0.300,0.300,2.044,0,MOVIMENTO
67710,2.000,0.300,0.300,2.044,0,MOVIMENTO
67764,2.000,0.300,0.300,2.044,0,MOVIMENTO
67818,2.000,0.300,0.300,2.044,0,MOVIMENTO
67872,2.000,0.300,0.300,2.044,0,MOVIMENTO
67926,2.000,0.300,0.300,2.044,0,MOVIMENTO
67980,2.000,0.300,0.300,2.044,0,MOVIMENTO
68034,2.000,0.300,0.300,2.044,0,MOVIMENTO
68088,2.000,0.300,0.300,2.044,0,MOVIMENTO
68142,2.000,0.300,0.300,2.044,0,MOVIMENTO
68196,2.000,0.300,0.300,2.044,0,MOVIMENTO
68250,2.000,0.300,0.300,2.044,0,MOVIMENTO
68304,2.000,0.300,0.300,2.044,0,MOVIMENTO
68358,2.000,0.300,0.300,2.044,0,MOVIMENTO
68412,2.000,0.300,0.300,2.044,0,MOVIMENTO
68466,2.000,0.300,0.300,2.044,0,MOVIMENTO
68520,2.000,0.300,0.300,2.044,0,MOVIMENTO
68574,2.000,0.300,0.300,2.044,0,MOVIMENTO
68628,2.000,0.300,0.300,2.044,0,MOVIMENTO
68682,2.000,0.300,0.300,2.044,0,MOVIMENTO
68736,2.000,0.300,0.300,2.044,0,MOVIMENTO
68790,2.000,0.300,0.300,2.044,0,MOVIMENTO
68844,2.000,0.300,0.300,2.044,0,MOVIMENTO
68898,2.000,0.300,0.300,2.044,0,MOVIMENTO
68952,2.000,0.300,0.300,2.044,0,MOVIMENTO
69006,2.000,0.300,0.300,2.044,0,MOVIMENTO
69060,2.000,0.300,0.300,2.044,0,MOVIMENTO
69114,2.000,0.300,0.300,2.044,0,MOVIMENTO
69168,2.000,0.300,0.300,2.044,0,MOVIMENTO
69222,2.000,0.300,0.300,2.044,0,MOVIMENTO
69276,2.000,0.300,0.300,2.044,0,MOVIMENTO
69330,2.000,0.300,0.300,2.044,0,MOVIMENTO
69384,2.000,0.300,0.300,2.044,0,MOVIMENTO
69438,2.000,0.300,0.300,2.044,0,MOVIMENTO
69492,2.000,0.300,0.300,2.044,0,MOVIMENTO
69546,2.000,0.300,0.300,2.044,0,MOVIMENTO
69600,2.000,0.300,0.300,2.044,0,MOVIMENTO
69654,2.000,0.300,0.300,2.044,0,MOVIMENTO
69708,2.000,0.300,0.300,2.044,0,MOVIMENTO
69762,2.000,0.300,0.300,2.044,0,MOVIMENTO
69816,2.000,0.300,0.300,2.044,0,MOVIMENTO
69870,2.000,0.300,0.300,2.044,0,MOVIMENTO
69924,2.000,0.300,0.300,2.044,0,MOVIMENTO
69978,2.000,0.300,0.300,2.044,0,MOVIMENTO
70032,2.000,0.300,0.300,2.044,0,MOVIMENTO
70086,2.000,0.300,0.300,2.044,0,MOVIMENTO
70140,2.000,0.300,0.300,2.044,0,MOVIMENTO
70194,2.000,0.300,0.300,2.044,0,MOVIMENTO
70248,2.000,0.300,0.300,2.044,0,MOVIMENTO
70302,2.000,0.300,0.300,2.044,0,MOVIMENTO
70356,2.000,0.300,0.300,2.044,0,MOVIMENTO
70410,2.000,0.300,0.300,2.044,0,MOVIMENTO
70464,2.000,0.300,0.300,2.044,0,MOVIMENTO
70518,2.000,0.300,0.300,2.044,0,MOVIMENTO
70572,2.000,0.300,0.300,2.044,0,MOVIMENTO
70626,2.000,0.300,0.300,2.044,0,MOVIMENTO
70680,2.000,0.300,0.300,2.044,0,MOVIMENTO
70734,2.000,0.300,0.300,2.044,0,MOVIMENTO